

*******************************************************************************
Tue Oct 07 06:44:36 2025


FIT:    data read from datafile using 1:2
        format = x:z
        #datapoints = 7
        residuals are weighted equally (unit weight)

function used for fitting: f(x)
	f(x) = m*x + b
fitted parameters initialized with current variable values

iter      chisq       delta/lim  lambda   m             b            
   0 5.8692364544e+06   0.00e+00  1.26e+03    1.000000e+00   1.000000e+00
   6 1.6573422091e+05  -5.30e-01  1.26e-03    4.040067e-01   1.940232e+02

After 6 iterations the fit converged.
final sum of squares of residuals : 165734
rel. change during last iteration : -5.30061e-06

degrees of freedom    (FIT_NDF)                        : 5
rms of residuals      (FIT_STDFIT) = sqrt(WSSR/ndf)    : 182.063
variance of residuals (reduced chisquare) = WSSR/ndf   : 33146.8

Final set of parameters            Asymptotic Standard Error
=======================            ==========================
m               = 0.404007         +/- 0.07251      (17.95%)
b               = 194.023          +/- 129          (66.47%)

correlation matrix of the fit parameters:
                m      b      
m               1.000 
b              -0.846  1.000 


*******************************************************************************
Tue Oct 07 06:54:33 2025


FIT:    data read from datafile using 1:2
        format = x:z
        #datapoints = 6
        residuals are weighted equally (unit weight)

function used for fitting: f(x)
	f(x) = m*x + b
fitted parameters initialized with current variable values

iter      chisq       delta/lim  lambda   m             b            
   0 3.6689549903e+04   0.00e+00  5.26e+02    4.040067e-01   1.940232e+02
   4 1.2948767951e+04  -1.75e-06  5.26e-02    3.850467e-01   1.617829e+02

After 4 iterations the fit converged.
final sum of squares of residuals : 12948.8
rel. change during last iteration : -1.74627e-11

degrees of freedom    (FIT_NDF)                        : 4
rms of residuals      (FIT_STDFIT) = sqrt(WSSR/ndf)    : 56.8963
variance of residuals (reduced chisquare) = WSSR/ndf   : 3237.19

Final set of parameters            Asymptotic Standard Error
=======================            ==========================
m               = 0.385047         +/- 0.02283      (5.928%)
b               = 161.783          +/- 40.57        (25.08%)

correlation matrix of the fit parameters:
                m      b      
m               1.000 
b              -0.820  1.000 


*******************************************************************************
Tue Oct 07 06:54:48 2025


FIT:    data read from datafile using 1:2
        format = x:z
        #datapoints = 7
        residuals are weighted equally (unit weight)

function used for fitting: f(x)
	f(x) = m*x + b
fitted parameters initialized with current variable values

iter      chisq       delta/lim  lambda   m             b            
   0 1.9384268234e+05   0.00e+00  4.98e+02    3.850467e-01   1.617829e+02
   4 1.6573422091e+05  -3.88e-07  4.98e-02    4.040067e-01   1.940232e+02

After 4 iterations the fit converged.
final sum of squares of residuals : 165734
rel. change during last iteration : -3.88404e-12

degrees of freedom    (FIT_NDF)                        : 5
rms of residuals      (FIT_STDFIT) = sqrt(WSSR/ndf)    : 182.063
variance of residuals (reduced chisquare) = WSSR/ndf   : 33146.8

Final set of parameters            Asymptotic Standard Error
=======================            ==========================
m               = 0.404007         +/- 0.07251      (17.95%)
b               = 194.023          +/- 129          (66.47%)

correlation matrix of the fit parameters:
                m      b      
m               1.000 
b              -0.846  1.000 


*******************************************************************************
Tue Oct 07 06:55:04 2025


FIT:    data read from datafile using 1:2
        format = x:z
        #datapoints = 7
        residuals are weighted equally (unit weight)

function used for fitting: f(x)
	f(x) = m*x + b
fitted parameters initialized with current variable values

iter      chisq       delta/lim  lambda   m             b            
   0 1.6573422091e+05   0.00e+00  5.26e+02    4.040067e-01   1.940232e+02
   1 1.6573422091e+05  -1.76e-11  5.26e+03    4.040067e-01   1.940232e+02

After 1 iterations the fit converged.
final sum of squares of residuals : 165734
rel. change during last iteration : -1.75605e-16

degrees of freedom    (FIT_NDF)                        : 5
rms of residuals      (FIT_STDFIT) = sqrt(WSSR/ndf)    : 182.063
variance of residuals (reduced chisquare) = WSSR/ndf   : 33146.8

Final set of parameters            Asymptotic Standard Error
=======================            ==========================
m               = 0.404007         +/- 0.07251      (17.95%)
b               = 194.023          +/- 129          (66.47%)

correlation matrix of the fit parameters:
                m      b      
m               1.000 
b              -0.846  1.000 


*******************************************************************************
Tue Oct 07 06:55:31 2025


FIT:    data read from datafile using 1:2
        format = x:z
        #datapoints = 7
        residuals are weighted equally (unit weight)

function used for fitting: f(x)
	f(x) = m*x + b
fitted parameters initialized with current variable values

iter      chisq       delta/lim  lambda   m             b            
   0 5.8692364544e+06   0.00e+00  1.26e+03    1.000000e+00   1.000000e+00
   6 1.6573422091e+05  -5.30e-01  1.26e-03    4.040067e-01   1.940232e+02

After 6 iterations the fit converged.
final sum of squares of residuals : 165734
rel. change during last iteration : -5.30061e-06

degrees of freedom    (FIT_NDF)                        : 5
rms of residuals      (FIT_STDFIT) = sqrt(WSSR/ndf)    : 182.063
variance of residuals (reduced chisquare) = WSSR/ndf   : 33146.8

Final set of parameters            Asymptotic Standard Error
=======================            ==========================
m               = 0.404007         +/- 0.07251      (17.95%)
b               = 194.023          +/- 129          (66.47%)

correlation matrix of the fit parameters:
                m      b      
m               1.000 
b              -0.846  1.000 


*******************************************************************************
Tue Oct 07 07:10:26 2025


FIT:    data read from ARCHIVO_DATOS using 1:2 every ::MIN_CANAL::MAX_CANAL
        format = x:z
        #datapoints = 158
        residuals are weighted equally (unit weight)

function used for fitting: gauss(x)
	gauss(x) = A * exp(-0.5 * ((x - mu) / sigma)**2)
fitted parameters initialized with current variable values

iter      chisq       delta/lim  lambda   A             mu            sigma        
   0 8.3815481621e+06   0.00e+00  3.55e+04    2.185000e+03   2.063450e+03   3.009420e+01
   5 3.9726283169e+06  -9.22e-02  3.55e-01    1.900060e+03   2.060568e+03   3.153047e+01

After 5 iterations the fit converged.
final sum of squares of residuals : 3.97263e+06
rel. change during last iteration : -9.22448e-07

degrees of freedom    (FIT_NDF)                        : 155
rms of residuals      (FIT_STDFIT) = sqrt(WSSR/ndf)    : 160.093
variance of residuals (reduced chisquare) = WSSR/ndf   : 25629.9

Final set of parameters            Asymptotic Standard Error
=======================            ==========================
A               = 1900.06          +/- 26.4         (1.389%)
mu              = 2060.57          +/- 0.5053       (0.02452%)
sigma           = 31.5305          +/- 0.5156       (1.635%)

correlation matrix of the fit parameters:
                A      mu     sigma  
A               1.000 
mu              0.045  1.000 
sigma          -0.584 -0.047  1.000 


*******************************************************************************
Tue Oct 07 07:23:10 2025


FIT:    data read from datafile using 1:2
        format = x:z
        #datapoints = 7
        residuals are weighted equally (unit weight)

function used for fitting: f(x)
	f(x) = m*x + b
fitted parameters initialized with current variable values

iter      chisq       delta/lim  lambda   m             b            
   0 5.8692364544e+06   0.00e+00  1.26e+03    1.000000e+00   1.000000e+00
   6 1.6573422091e+05  -5.30e-01  1.26e-03    4.040067e-01   1.940232e+02

After 6 iterations the fit converged.
final sum of squares of residuals : 165734
rel. change during last iteration : -5.30061e-06

degrees of freedom    (FIT_NDF)                        : 5
rms of residuals      (FIT_STDFIT) = sqrt(WSSR/ndf)    : 182.063
variance of residuals (reduced chisquare) = WSSR/ndf   : 33146.8

Final set of parameters            Asymptotic Standard Error
=======================            ==========================
m               = 0.404007         +/- 0.07251      (17.95%)
b               = 194.023          +/- 129          (66.47%)

correlation matrix of the fit parameters:
                m      b      
m               1.000 
b              -0.846  1.000 


*******************************************************************************
Tue Oct 07 08:03:39 2025


FIT:    data read from datafile using 1:2
        format = x:z
        #datapoints = 7
        residuals are weighted equally (unit weight)

function used for fitting: f(x)
	f(x) = m*x + b
fitted parameters initialized with current variable values

iter      chisq       delta/lim  lambda   m             b            
   0 1.6573422091e+05   0.00e+00  5.26e+02    4.040067e-01   1.940232e+02
   1 1.6573422091e+05  -1.21e-09  5.26e+01    4.040067e-01   1.940232e+02

After 1 iterations the fit converged.
final sum of squares of residuals : 165734
rel. change during last iteration : -1.21168e-14

degrees of freedom    (FIT_NDF)                        : 5
rms of residuals      (FIT_STDFIT) = sqrt(WSSR/ndf)    : 182.063
variance of residuals (reduced chisquare) = WSSR/ndf   : 33146.8

Final set of parameters            Asymptotic Standard Error
=======================            ==========================
m               = 0.404007         +/- 0.07251      (17.95%)
b               = 194.023          +/- 129          (66.47%)

correlation matrix of the fit parameters:
                m      b      
m               1.000 
b              -0.846  1.000 


*******************************************************************************
Tue Oct 07 08:04:27 2025


FIT:    data read from datafile using 1:2
        format = x:z
        #datapoints = 7
        residuals are weighted equally (unit weight)

function used for fitting: f(x)
	f(x) = m*x + b
fitted parameters initialized with current variable values

iter      chisq       delta/lim  lambda   m             b            
   0 1.6573422091e+05   0.00e+00  5.26e+02    4.040067e-01   1.940232e+02
   1 1.6573422091e+05  -7.90e-10  5.26e+01    4.040067e-01   1.940232e+02

After 1 iterations the fit converged.
final sum of squares of residuals : 165734
rel. change during last iteration : -7.90224e-15

degrees of freedom    (FIT_NDF)                        : 5
rms of residuals      (FIT_STDFIT) = sqrt(WSSR/ndf)    : 182.063
variance of residuals (reduced chisquare) = WSSR/ndf   : 33146.8

Final set of parameters            Asymptotic Standard Error
=======================            ==========================
m               = 0.404007         +/- 0.07251      (17.95%)
b               = 194.023          +/- 129          (66.47%)

correlation matrix of the fit parameters:
                m      b      
m               1.000 
b              -0.846  1.000 


*******************************************************************************
Tue Oct 07 09:06:26 2025


FIT:    data read from datafile using 1:2
        format = x:z
        #datapoints = 7
        residuals are weighted equally (unit weight)

function used for fitting: f(x)
	f(x) = m*x + b
fitted parameters initialized with current variable values

iter      chisq       delta/lim  lambda   m             b            
   0 5.8692364544e+06   0.00e+00  1.26e+03    1.000000e+00   1.000000e+00
   6 1.6573422091e+05  -5.30e-01  1.26e-03    4.040067e-01   1.940232e+02

After 6 iterations the fit converged.
final sum of squares of residuals : 165734
rel. change during last iteration : -5.30061e-06

degrees of freedom    (FIT_NDF)                        : 5
rms of residuals      (FIT_STDFIT) = sqrt(WSSR/ndf)    : 182.063
variance of residuals (reduced chisquare) = WSSR/ndf   : 33146.8

Final set of parameters            Asymptotic Standard Error
=======================            ==========================
m               = 0.404007         +/- 0.07251      (17.95%)
b               = 194.023          +/- 129          (66.47%)

correlation matrix of the fit parameters:
                m      b      
m               1.000 
b              -0.846  1.000 


*******************************************************************************
Tue Oct 07 09:13:49 2025


FIT:    data read from datafile using 1:2
        format = x:z
        #datapoints = 7
        residuals are weighted equally (unit weight)

function used for fitting: f(x)
	f(x) = m*x + b
fitted parameters initialized with current variable values

iter      chisq       delta/lim  lambda   m             b            
   0 5.8692364544e+06   0.00e+00  1.26e+03    1.000000e+00   1.000000e+00
   6 1.6573422091e+05  -5.30e-01  1.26e-03    4.040067e-01   1.940232e+02

After 6 iterations the fit converged.
final sum of squares of residuals : 165734
rel. change during last iteration : -5.30061e-06

degrees of freedom    (FIT_NDF)                        : 5
rms of residuals      (FIT_STDFIT) = sqrt(WSSR/ndf)    : 182.063
variance of residuals (reduced chisquare) = WSSR/ndf   : 33146.8

Final set of parameters            Asymptotic Standard Error
=======================            ==========================
m               = 0.404007         +/- 0.07251      (17.95%)
b               = 194.023          +/- 129          (66.47%)

correlation matrix of the fit parameters:
                m      b      
m               1.000 
b              -0.846  1.000 


*******************************************************************************
Tue Oct 07 09:26:44 2025


FIT:    data read from datafile using 1:2
        format = x:z
        #datapoints = 7
        residuals are weighted equally (unit weight)

function used for fitting: f(x)
	f(x) = m*x + b
fitted parameters initialized with current variable values

iter      chisq       delta/lim  lambda   m             b            
   0 1.6573422091e+05   0.00e+00  5.26e+02    4.040067e-01   1.940232e+02
   1 1.6573422091e+05  -1.21e-09  5.26e+01    4.040067e-01   1.940232e+02

After 1 iterations the fit converged.
final sum of squares of residuals : 165734
rel. change during last iteration : -1.21168e-14

degrees of freedom    (FIT_NDF)                        : 5
rms of residuals      (FIT_STDFIT) = sqrt(WSSR/ndf)    : 182.063
variance of residuals (reduced chisquare) = WSSR/ndf   : 33146.8

Final set of parameters            Asymptotic Standard Error
=======================            ==========================
m               = 0.404007         +/- 0.07251      (17.95%)
b               = 194.023          +/- 129          (66.47%)

correlation matrix of the fit parameters:
                m      b      
m               1.000 
b              -0.846  1.000 


*******************************************************************************
Tue Oct 07 09:27:01 2025


FIT:    data read from datafile using 1:2
        format = x:z
        #datapoints = 7
        residuals are weighted equally (unit weight)

function used for fitting: f(x)
	f(x) = m*x + b
fitted parameters initialized with current variable values

iter      chisq       delta/lim  lambda   m             b            
   0 5.8692364544e+06   0.00e+00  1.26e+03    1.000000e+00   1.000000e+00
   6 1.6573422091e+05  -5.30e-01  1.26e-03    4.040067e-01   1.940232e+02

After 6 iterations the fit converged.
final sum of squares of residuals : 165734
rel. change during last iteration : -5.30061e-06

degrees of freedom    (FIT_NDF)                        : 5
rms of residuals      (FIT_STDFIT) = sqrt(WSSR/ndf)    : 182.063
variance of residuals (reduced chisquare) = WSSR/ndf   : 33146.8

Final set of parameters            Asymptotic Standard Error
=======================            ==========================
m               = 0.404007         +/- 0.07251      (17.95%)
b               = 194.023          +/- 129          (66.47%)

correlation matrix of the fit parameters:
                m      b      
m               1.000 
b              -0.846  1.000 


*******************************************************************************
Wed Oct 08 20:00:53 2025


FIT:    data read from datafile using 1:2
        format = x:z
        #datapoints = 4
        residuals are weighted equally (unit weight)

function used for fitting: f(x)
	f(x) = m*x + b
fitted parameters initialized with current variable values

iter      chisq       delta/lim  lambda   m             b            
   0 3.3924773190e+05   0.00e+00  7.18e+02    1.000000e+00   1.000000e+00
   6 1.7439482016e+01  -2.81e-03  7.18e-04    7.128551e-01   1.489485e+00

After 6 iterations the fit converged.
final sum of squares of residuals : 17.4395
rel. change during last iteration : -2.80608e-08

degrees of freedom    (FIT_NDF)                        : 2
rms of residuals      (FIT_STDFIT) = sqrt(WSSR/ndf)    : 2.95292
variance of residuals (reduced chisquare) = WSSR/ndf   : 8.71974

Final set of parameters            Asymptotic Standard Error
=======================            ==========================
m               = 0.712855         +/- 0.002695     (0.378%)
b               = 1.48948          +/- 2.737        (183.7%)

correlation matrix of the fit parameters:
                m      b      
m               1.000 
b              -0.842  1.000 


*******************************************************************************
Wed Oct 08 20:12:03 2025


FIT:    data read from datafile using 1:2
        format = x:z
        #datapoints = 4
        residuals are weighted equally (unit weight)

function used for fitting: f(x)
	f(x) = m*x + b
fitted parameters initialized with current variable values

iter      chisq       delta/lim  lambda   m             b            
   0 1.7439482016e+01   0.00e+00  5.12e+02    7.128551e-01   1.489485e+00
   1 1.7439482016e+01   0.00e+00  5.12e+02    7.128551e-01   1.489485e+00

After 1 iterations the fit converged.
final sum of squares of residuals : 17.4395
rel. change during last iteration : 0

degrees of freedom    (FIT_NDF)                        : 2
rms of residuals      (FIT_STDFIT) = sqrt(WSSR/ndf)    : 2.95292
variance of residuals (reduced chisquare) = WSSR/ndf   : 8.71974

Final set of parameters            Asymptotic Standard Error
=======================            ==========================
m               = 0.712855         +/- 0.002695     (0.378%)
b               = 1.48948          +/- 2.737        (183.7%)

correlation matrix of the fit parameters:
                m      b      
m               1.000 
b              -0.842  1.000 


*******************************************************************************
Wed Oct 08 23:06:21 2025


FIT:    data read from datafile1 using 1:2
        format = x:z
        #datapoints = 7
        residuals are weighted equally (unit weight)

function used for fitting: f(x)
	f(x) = m*x + b
fitted parameters initialized with current variable values

iter      chisq       delta/lim  lambda   m             b            
   0 5.8692364544e+06   0.00e+00  1.26e+03    1.000000e+00   1.000000e+00
   6 1.6573422091e+05  -5.30e-01  1.26e-03    4.040067e-01   1.940232e+02

After 6 iterations the fit converged.
final sum of squares of residuals : 165734
rel. change during last iteration : -5.30061e-06

degrees of freedom    (FIT_NDF)                        : 5
rms of residuals      (FIT_STDFIT) = sqrt(WSSR/ndf)    : 182.063
variance of residuals (reduced chisquare) = WSSR/ndf   : 33146.8

Final set of parameters            Asymptotic Standard Error
=======================            ==========================
m               = 0.404007         +/- 0.07251      (17.95%)
b               = 194.023          +/- 129          (66.47%)

correlation matrix of the fit parameters:
                m      b      
m               1.000 
b              -0.846  1.000 


*******************************************************************************
Wed Oct 08 23:07:39 2025


FIT:    data read from datafile1 using 1:2
        format = x:z
        #datapoints = 4
        residuals are weighted equally (unit weight)

function used for fitting: f(x)
	f(x) = m*x + b
fitted parameters initialized with current variable values

iter      chisq       delta/lim  lambda   m             b            
   0 1.3505118457e+05   0.00e+00  3.21e+02    4.040067e-01   1.940232e+02
   4 1.7439482016e+01  -9.12e-03  3.21e-02    7.128551e-01   1.489485e+00

After 4 iterations the fit converged.
final sum of squares of residuals : 17.4395
rel. change during last iteration : -9.11753e-08

degrees of freedom    (FIT_NDF)                        : 2
rms of residuals      (FIT_STDFIT) = sqrt(WSSR/ndf)    : 2.95292
variance of residuals (reduced chisquare) = WSSR/ndf   : 8.71974

Final set of parameters            Asymptotic Standard Error
=======================            ==========================
m               = 0.712855         +/- 0.002695     (0.378%)
b               = 1.48948          +/- 2.737        (183.7%)

correlation matrix of the fit parameters:
                m      b      
m               1.000 
b              -0.842  1.000 


*******************************************************************************
Wed Oct 08 23:08:55 2025


FIT:    data read from datafile1 using 1:2
        format = x:z
        #datapoints = 4
        residuals are weighted equally (unit weight)

function used for fitting: f(x)
	f(x) = m*x + b
fitted parameters initialized with current variable values

iter      chisq       delta/lim  lambda   m             b            
   0 1.7439482016e+01   0.00e+00  5.12e+02    7.128551e-01   1.489485e+00
   1 1.7439482016e+01  -2.65e-10  5.12e+01    7.128551e-01   1.489485e+00

After 1 iterations the fit converged.
final sum of squares of residuals : 17.4395
rel. change during last iteration : -2.64832e-15

degrees of freedom    (FIT_NDF)                        : 2
rms of residuals      (FIT_STDFIT) = sqrt(WSSR/ndf)    : 2.95292
variance of residuals (reduced chisquare) = WSSR/ndf   : 8.71974

Final set of parameters            Asymptotic Standard Error
=======================            ==========================
m               = 0.712855         +/- 0.002695     (0.378%)
b               = 1.48948          +/- 2.737        (183.7%)

correlation matrix of the fit parameters:
                m      b      
m               1.000 
b              -0.842  1.000 


*******************************************************************************
Wed Oct 08 23:09:33 2025


FIT:    data read from datafile1 using 1:2
        format = x:z
        #datapoints = 4
        residuals are weighted equally (unit weight)

function used for fitting: f(x)
	f(x) = m*x + b
fitted parameters initialized with current variable values

iter      chisq       delta/lim  lambda   m             b            
   0 1.7439482016e+01   0.00e+00  5.12e+02    7.128551e-01   1.489485e+00
   1 1.7439482016e+01  -1.20e-09  5.12e+02    7.128551e-01   1.489485e+00

After 1 iterations the fit converged.
final sum of squares of residuals : 17.4395
rel. change during last iteration : -1.20193e-14

degrees of freedom    (FIT_NDF)                        : 2
rms of residuals      (FIT_STDFIT) = sqrt(WSSR/ndf)    : 2.95292
variance of residuals (reduced chisquare) = WSSR/ndf   : 8.71974

Final set of parameters            Asymptotic Standard Error
=======================            ==========================
m               = 0.712855         +/- 0.002695     (0.378%)
b               = 1.48948          +/- 2.737        (183.7%)

correlation matrix of the fit parameters:
                m      b      
m               1.000 
b              -0.842  1.000 


*******************************************************************************
Wed Oct 08 23:10:38 2025


FIT:    data read from datafile1 using 1:2
        format = x:z
        #datapoints = 4
        residuals are weighted equally (unit weight)

function used for fitting: f(x)
	f(x) = m*x + b
fitted parameters initialized with current variable values

Warning: Initial value of parameter 'b' is zero.
iter      chisq       delta/lim  lambda   m             b            
   0 3.3729123190e+05   0.00e+00  7.18e+02    1.000000e+00   1.000000e-30
BREAK: Singular matrix in Invert_RtR

*******************************************************************************
Wed Oct 08 23:11:05 2025


FIT:    data read from datafile1 using 1:2
        format = x:z
        #datapoints = 7
        residuals are weighted equally (unit weight)

function used for fitting: f(x)
	f(x) = m*x + b
fitted parameters initialized with current variable values

Warning: Initial value of parameter 'b' is zero.
iter      chisq       delta/lim  lambda   m             b            
   0 5.8593950544e+06   0.00e+00  1.26e+03    1.000000e+00   1.000000e-30
BREAK: Singular matrix in Invert_RtR

*******************************************************************************
Wed Oct 08 23:11:05 2025


FIT:    data read from datafile2 using 1:2
        format = x:z
        #datapoints = 4
        residuals are weighted equally (unit weight)

function used for fitting: g(x)
	g(x) = m2*x + b2
fitted parameters initialized with current variable values

Warning: Initial value of parameter 'b2' is zero.
iter      chisq       delta/lim  lambda   m2            b2           
   0 3.3729123190e+05   0.00e+00  7.18e+02    1.000000e+00   1.000000e-30
BREAK: Singular matrix in Invert_RtR

*******************************************************************************
Wed Oct 08 23:11:44 2025


FIT:    data read from datafile1 using 1:2
        format = x:z
        #datapoints = 7
        residuals are weighted equally (unit weight)

function used for fitting: f(x)
	f(x) = m*x + b
fitted parameters initialized with current variable values

Warning: Initial value of parameter 'b' is zero.
iter      chisq       delta/lim  lambda   m             b            
   0 5.8593950544e+06   0.00e+00  1.26e+03    1.000000e+00   1.000000e-30
BREAK: Singular matrix in Invert_RtR

*******************************************************************************
Wed Oct 08 23:11:44 2025


FIT:    data read from datafile2 using 1:2
        format = x:z
        #datapoints = 4
        residuals are weighted equally (unit weight)

function used for fitting: g(x)
	g(x) = m2*x + b2
fitted parameters initialized with current variable values

Warning: Initial value of parameter 'b2' is zero.
iter      chisq       delta/lim  lambda   m2            b2           
   0 3.3729123190e+05   0.00e+00  7.18e+02    1.000000e+00   1.000000e-30
BREAK: Singular matrix in Invert_RtR

*******************************************************************************
Wed Oct 08 23:14:16 2025


FIT:    data read from datafile using 1:2
        format = x:z
        #datapoints = 4
        residuals are weighted equally (unit weight)

function used for fitting: f(x)
	f(x) = m*x + b
fitted parameters initialized with current variable values

iter      chisq       delta/lim  lambda   m             b            
   0 1.9577976901e+05   0.00e+00  3.56e+02    4.962680e-01   1.001000e-30
BREAK: Singular matrix in Invert_RtR

*******************************************************************************
Wed Oct 08 23:17:01 2025


FIT:    data read from datafile using 1:2
        format = x:z
        #datapoints = 4
        residuals are weighted equally (unit weight)

function used for fitting: f(x)
	f(x) = m*x + b
fitted parameters initialized with current variable values

Warning: Initial value of parameter 'b' is zero.
BREAK: Singular matrix in Invert_RtR

*******************************************************************************
Wed Oct 08 23:17:37 2025


FIT:    data read from datafile using 1:2
        format = x:z
        #datapoints = 7
        residuals are weighted equally (unit weight)

function used for fitting: f(x)
	f(x) = m*x + b
fitted parameters initialized with current variable values

Warning: Initial value of parameter 'b' is zero.
BREAK: Singular matrix in Invert_RtR

*******************************************************************************
Thu Oct 09 08:14:36 2025


FIT:    data read from datafile using 1:2
        format = x:z
        #datapoints = 7
        residuals are weighted equally (unit weight)

function used for fitting: f(x)
	f(x) = m*x + b
fitted parameters initialized with current variable values

Warning: Initial value of parameter 'b' is zero.
BREAK: Singular matrix in Invert_RtR

*******************************************************************************
Thu Oct 09 10:27:19 2025


FIT:    data read from $datos
        format = z
        #datapoints = 7
        residuals are weighted equally (unit weight)

function used for fitting: f(x)
	f(x) = a/sqrt(x) + b
fitted parameters initialized with current variable values

BREAK: Singular matrix in Invert_RtR