

*******************************************************************************
Tue Sep 30 11:51:56 2025


FIT:    data read from ARCHIVO_DATOS using 1:2 every ::MIN_CANAL::MAX_CANAL
        format = x:z
        #datapoints = 227
        residuals are weighted equally (unit weight)

function used for fitting: gauss(x)
	gauss(x) = A * exp(-0.5 * ((x - mu) / sigma)**2) + offset
fitted parameters initialized with current variable values

iter      chisq       delta/lim  lambda   A             mu            sigma         offset       
   0 4.1138400000e+06   0.00e+00  2.50e+01    1.000000e+03   1.200000e+02   1.000000e+01   5.000000e+01
BREAK: Singular matrix in Invert_RtR

*******************************************************************************
Tue Sep 30 11:54:52 2025


FIT:    data read from ARCHIVO_DATOS using 1:2 every ::MIN_CANAL::MAX_CANAL
        format = x:z
        #datapoints = 101
        residuals are weighted equally (unit weight)

function used for fitting: gauss(x)
	gauss(x) = A * exp(-0.5 * ((x - mu) / sigma)**2) + offset
fitted parameters initialized with current variable values

iter      chisq       delta/lim  lambda   A             mu            sigma        
   0 2.0423208010e+07   0.00e+00  2.08e+03    1.000000e+03   1.200000e+02   1.000000e+01
  11 9.6028405932e+02  -6.13e-05  2.08e-08   -4.985875e+01   7.715554e+01   1.858353e+02

After 11 iterations the fit converged.
final sum of squares of residuals : 960.284
rel. change during last iteration : -6.13465e-10

degrees of freedom    (FIT_NDF)                        : 98
rms of residuals      (FIT_STDFIT) = sqrt(WSSR/ndf)    : 3.13031
variance of residuals (reduced chisquare) = WSSR/ndf   : 9.79882

Final set of parameters            Asymptotic Standard Error
=======================            ==========================
A               = -49.8588         +/- 0.4228       (0.8479%)
mu              = 77.1555          +/- 14.13        (18.31%)
sigma           = 185.835          +/- 54.19        (29.16%)

correlation matrix of the fit parameters:
                A      mu     sigma  
A               1.000 
mu             -0.072  1.000 
sigma           0.415 -0.842  1.000 


*******************************************************************************
Tue Sep 30 11:55:15 2025


FIT:    data read from ARCHIVO_DATOS using 1:2 every ::MIN_CANAL::MAX_CANAL
        format = x:z
        #datapoints = 227
        residuals are weighted equally (unit weight)

function used for fitting: gauss(x)
	gauss(x) = A * exp(-0.5 * ((x - mu) / sigma)**2) + offset
fitted parameters initialized with current variable values

iter      chisq       delta/lim  lambda   A             mu            sigma        
   0 4.1138400000e+06   0.00e+00  0.00e+00    1.000000e+03   1.200000e+02   1.000000e+01
BREAK: Singular matrix in Givens()

*******************************************************************************
Tue Sep 30 11:57:36 2025


FIT:    data read from ARCHIVO_DATOS using 1:2 every ::MIN_CANAL::MAX_CANAL
        format = x:z
        #datapoints = 227
        residuals are weighted equally (unit weight)

function used for fitting: gauss(x)
	gauss(x) = A * exp(-0.5 * ((x - mu) / sigma)**2)
fitted parameters initialized with current variable values

iter      chisq       delta/lim  lambda   A             mu            sigma        
   0 1.3327400094e+08   0.00e+00  1.14e+04    1.500000e+03   1.500000e+03   5.000000e+01
   5 4.8901960420e+04  -1.70e-01  1.14e-01    2.890993e+02   1.509177e+03   4.575480e+01

After 5 iterations the fit converged.
final sum of squares of residuals : 48902
rel. change during last iteration : -1.70171e-06

degrees of freedom    (FIT_NDF)                        : 224
rms of residuals      (FIT_STDFIT) = sqrt(WSSR/ndf)    : 14.7754
variance of residuals (reduced chisquare) = WSSR/ndf   : 218.312

Final set of parameters            Asymptotic Standard Error
=======================            ==========================
A               = 289.099          +/- 2.02         (0.6988%)
mu              = 1509.18          +/- 0.3687       (0.02443%)
sigma           = 45.7548          +/- 0.3757       (0.8212%)

correlation matrix of the fit parameters:
                A      mu     sigma  
A               1.000 
mu              0.014  1.000 
sigma          -0.583 -0.007  1.000 


*******************************************************************************
Tue Sep 30 12:00:08 2025


FIT:    data read from ARCHIVO_DATOS using 1:2 every ::MIN_CANAL::MAX_CANAL
        format = x:z
        #datapoints = 227
        residuals are weighted equally (unit weight)

function used for fitting: gauss(x)
	gauss(x) = A * exp(-0.5 * ((x - mu) / sigma)**2)
fitted parameters initialized with current variable values

iter      chisq       delta/lim  lambda   A             mu            sigma        
   0 1.8572293257e+08   0.00e+00  1.14e+04    1.500000e+03   1.500000e+03   5.000000e+01
  25 2.5880319703e+04  -9.62e-01  1.14e-01    4.471161e+01   2.285604e+03   1.329867e+03

After 25 iterations the fit converged.
final sum of squares of residuals : 25880.3
rel. change during last iteration : -9.61601e-06

degrees of freedom    (FIT_NDF)                        : 224
rms of residuals      (FIT_STDFIT) = sqrt(WSSR/ndf)    : 10.7488
variance of residuals (reduced chisquare) = WSSR/ndf   : 115.537

Final set of parameters            Asymptotic Standard Error
=======================            ==========================
A               = 44.7116          +/- 134.8        (301.4%)
mu              = 2285.6           +/- 1.367e+04    (598.3%)
sigma           = 1329.87          +/- 1.163e+04    (874.9%)

correlation matrix of the fit parameters:
                A      mu     sigma  
A               1.000 
mu              0.999  1.000 
sigma           0.997  0.999  1.000 


*******************************************************************************
Tue Sep 30 12:00:30 2025


FIT:    data read from ARCHIVO_DATOS using 1:2 every ::MIN_CANAL::MAX_CANAL
        format = x:z
        #datapoints = 328
        residuals are weighted equally (unit weight)

function used for fitting: gauss(x)
	gauss(x) = A * exp(-0.5 * ((x - mu) / sigma)**2)
fitted parameters initialized with current variable values

iter      chisq       delta/lim  lambda   A             mu            sigma        
   0 7.2026150000e+06   0.00e+00  7.00e-73    1.500000e+03   1.500000e+03   5.000000e+01
BREAK: Singular matrix in Invert_RtR

*******************************************************************************
Tue Sep 30 12:03:51 2025


FIT:    data read from ARCHIVO_DATOS using 1:2 every ::MIN_CANAL::MAX_CANAL
        format = x:z
        #datapoints = 328
        residuals are weighted equally (unit weight)

function used for fitting: gauss(x)
	gauss(x) = A * exp(-0.5 * ((x - mu) / sigma)**2)
fitted parameters initialized with current variable values

iter      chisq       delta/lim  lambda   A             mu            sigma        
   0 9.2215331099e+06   0.00e+00  2.85e+03    3.000000e+02   2.500000e+03   5.000000e+01
  11 7.8557423605e+04  -5.51e-01  2.85e-04    2.390673e+02   2.623353e+03   7.045998e+01

After 11 iterations the fit converged.
final sum of squares of residuals : 78557.4
rel. change during last iteration : -5.50834e-06

degrees of freedom    (FIT_NDF)                        : 325
rms of residuals      (FIT_STDFIT) = sqrt(WSSR/ndf)    : 15.5472
variance of residuals (reduced chisquare) = WSSR/ndf   : 241.715

Final set of parameters            Asymptotic Standard Error
=======================            ==========================
A               = 239.067          +/- 1.722        (0.7205%)
mu              = 2623.35          +/- 0.5865       (0.02236%)
sigma           = 70.46            +/- 0.6093       (0.8648%)

correlation matrix of the fit parameters:
                A      mu     sigma  
A               1.000 
mu              0.005  1.000 
sigma          -0.588  0.018  1.000 


*******************************************************************************
Tue Sep 30 12:06:06 2025


FIT:    data read from ARCHIVO_DATOS using 1:2 every ::MIN_CANAL::MAX_CANAL
        format = x:z
        #datapoints = 276
        residuals are weighted equally (unit weight)

function used for fitting: gauss(x)
	gauss(x) = A * exp(-0.5 * ((x - mu) / sigma)**2)
fitted parameters initialized with current variable values

iter      chisq       delta/lim  lambda   A             mu            sigma        
   0 7.6391371171e+06   0.00e+00  3.74e+03    3.000000e+02   2.900000e+03   5.000000e+01
  19 2.3960209025e+03  -2.87e-01  3.74e-02    5.724031e+00   2.935184e+04   1.827131e+04

After 19 iterations the fit converged.
final sum of squares of residuals : 2396.02
rel. change during last iteration : -2.87433e-06

degrees of freedom    (FIT_NDF)                        : 273
rms of residuals      (FIT_STDFIT) = sqrt(WSSR/ndf)    : 2.96254
variance of residuals (reduced chisquare) = WSSR/ndf   : 8.77663

Final set of parameters            Asymptotic Standard Error
=======================            ==========================
A               = 5.72403          +/- 6.188e+04    (1.081e+06%)
mu              = 29351.8          +/- 2.73e+08     (9.301e+05%)
sigma           = 18271.3          +/- 9.426e+07    (5.159e+05%)

correlation matrix of the fit parameters:
                A      mu     sigma  
A               1.000 
mu              1.000  1.000 
sigma           1.000  1.000  1.000 


*******************************************************************************
Tue Sep 30 12:06:58 2025


FIT:    data read from ARCHIVO_DATOS using 1:2 every ::MIN_CANAL::MAX_CANAL
        format = x:z
        #datapoints = 276
        residuals are weighted equally (unit weight)

function used for fitting: gauss(x)
	gauss(x) = A * exp(-0.5 * ((x - mu) / sigma)**2)
fitted parameters initialized with current variable values

iter      chisq       delta/lim  lambda   A             mu            sigma        
   0 4.5035008310e+06   0.00e+00  3.74e+03    3.000000e+02   2.900000e+03   5.000000e+01
   6 3.6647689034e+04  -2.03e-01  3.74e-03    1.996264e+02   2.976105e+03   7.167728e+01

After 6 iterations the fit converged.
final sum of squares of residuals : 36647.7
rel. change during last iteration : -2.0311e-06

degrees of freedom    (FIT_NDF)                        : 273
rms of residuals      (FIT_STDFIT) = sqrt(WSSR/ndf)    : 11.5862
variance of residuals (reduced chisquare) = WSSR/ndf   : 134.241

Final set of parameters            Asymptotic Standard Error
=======================            ==========================
A               = 199.626          +/- 1.296        (0.6493%)
mu              = 2976.1           +/- 0.5397       (0.01813%)
sigma           = 71.6773          +/- 0.5975       (0.8335%)

correlation matrix of the fit parameters:
                A      mu     sigma  
A               1.000 
mu              0.007  1.000 
sigma          -0.605  0.019  1.000 


*******************************************************************************
Mon Oct 13 17:06:19 2025


FIT:    data read from $datos
        format = z
        #datapoints = 7
        residuals are weighted equally (unit weight)

function used for fitting: f(x)
	f(x) = a/sqrt(x) + b
fitted parameters initialized with current variable values

Warning: Initial value of parameter 'b' is zero.
iter      chisq       delta/lim  lambda   a             b            
   0 3.2308852102e+02   0.00e+00  1.75e+00    6.000000e+01   1.000000e-30
BREAK: Singular matrix in Invert_RtR

*******************************************************************************
Mon Oct 13 17:21:05 2025


FIT:    data read from $datos using 1:2
        format = x:z
        #datapoints = 7
        residuals are weighted equally (unit weight)

function used for fitting: f(x)
	f(x) = a/sqrt(x) + b
fitted parameters initialized with current variable values

Warning: Initial value of parameter 'b' is zero.
iter      chisq       delta/lim  lambda   a             b            
   0 3.2308852102e+02   0.00e+00  1.75e+00    6.000000e+01   1.000000e-30
BREAK: Singular matrix in Invert_RtR

*******************************************************************************
Mon Oct 13 17:21:19 2025


FIT:    data read from $datos using 1:2
        format = x:z
        x range restricted to [250.000 : 1400.00]
        #datapoints = 7
        residuals are weighted equally (unit weight)

function used for fitting: f(x)
	f(x) = a/sqrt(x) + b
fitted parameters initialized with current variable values

iter      chisq       delta/lim  lambda   a             b            
   0 2.4255625312e+02   0.00e+00  1.89e+00    6.000000e+01   1.000000e+00
   4 8.3732109970e+00  -2.40e-04  1.89e-04    2.722318e+02  -2.181567e+00

After 4 iterations the fit converged.
final sum of squares of residuals : 8.37321
rel. change during last iteration : -2.39973e-09

degrees of freedom    (FIT_NDF)                        : 5
rms of residuals      (FIT_STDFIT) = sqrt(WSSR/ndf)    : 1.29408
variance of residuals (reduced chisquare) = WSSR/ndf   : 1.67464

Final set of parameters            Asymptotic Standard Error
=======================            ==========================
a               = 272.232          +/- 42.85        (15.74%)
b               = -2.18157         +/- 1.772        (81.22%)

correlation matrix of the fit parameters:
                a      b      
a               1.000 
b              -0.961  1.000 
